Analysis & Synthesis report for final1
Sun Dec 13 22:52:11 2015
Quartus II Version 9.0 Build 235 06/17/2009 Service Pack 2 SJ Web Edition


---------------------
; Table of Contents ;
---------------------
  1. Legal Notice
  2. Analysis & Synthesis Summary
  3. Analysis & Synthesis Settings
  4. Analysis & Synthesis Source Files Read
  5. Analysis & Synthesis Resource Usage Summary
  6. Analysis & Synthesis Resource Utilization by Entity
  7. Registers Removed During Synthesis
  8. Removed Registers Triggering Further Register Optimizations
  9. General Register Statistics
 10. Multiplexer Restructuring Statistics (Restructuring Performed)
 11. Parameter Settings for User Entity Instance: Top-level Entity: |final1
 12. Parameter Settings for Inferred Entity Instance: counter:countTime|lpm_divide:Div0
 13. Port Connectivity Checks: "counter:countTime"
 14. Port Connectivity Checks: "button:resetb"
 15. Port Connectivity Checks: "button:fire2b"
 16. Port Connectivity Checks: "button:fire1b"
 17. Analysis & Synthesis Messages



----------------
; Legal Notice ;
----------------
Copyright (C) 1991-2009 Altera Corporation
Your use of Altera Corporation's design tools, logic functions 
and other software and tools, and its AMPP partner logic 
functions, and any output files from any of the foregoing 
(including device programming or simulation files), and any 
associated documentation or information are expressly subject 
to the terms and conditions of the Altera Program License 
Subscription Agreement, Altera MegaCore Function License 
Agreement, or other applicable license agreement, including, 
without limitation, that your use is for the sole purpose of 
programming logic devices manufactured by Altera and sold by 
Altera or its authorized distributors.  Please refer to the 
applicable agreement for further details.



+----------------------------------------------------------------------------+
; Analysis & Synthesis Summary                                               ;
+-----------------------------+----------------------------------------------+
; Analysis & Synthesis Status ; Successful - Sun Dec 13 22:52:11 2015        ;
; Quartus II Version          ; 9.0 Build 235 06/17/2009 SP 2 SJ Web Edition ;
; Revision Name               ; final1                                       ;
; Top-level Entity Name       ; final1                                       ;
; Family                      ; Cyclone                                      ;
; Total logic elements        ; 251                                          ;
; Total pins                  ; 58                                           ;
; Total virtual pins          ; 0                                            ;
; Total memory bits           ; 0                                            ;
; Total PLLs                  ; 0                                            ;
+-----------------------------+----------------------------------------------+


+--------------------------------------------------------------------------------------------------------+
; Analysis & Synthesis Settings                                                                          ;
+--------------------------------------------------------------+--------------------+--------------------+
; Option                                                       ; Setting            ; Default Value      ;
+--------------------------------------------------------------+--------------------+--------------------+
; Device                                                       ; EP1C12Q240C8       ;                    ;
; Top-level entity name                                        ; final1             ; final1             ;
; Family name                                                  ; Cyclone            ; Stratix II         ;
; Use Generated Physical Constraints File                      ; Off                ;                    ;
; Use smart compilation                                        ; Off                ; Off                ;
; Restructure Multiplexers                                     ; Auto               ; Auto               ;
; Create Debugging Nodes for IP Cores                          ; Off                ; Off                ;
; Preserve fewer node names                                    ; On                 ; On                 ;
; Disable OpenCore Plus hardware evaluation                    ; Off                ; Off                ;
; Verilog Version                                              ; Verilog_2001       ; Verilog_2001       ;
; VHDL Version                                                 ; VHDL93             ; VHDL93             ;
; State Machine Processing                                     ; Auto               ; Auto               ;
; Safe State Machine                                           ; Off                ; Off                ;
; Extract Verilog State Machines                               ; On                 ; On                 ;
; Extract VHDL State Machines                                  ; On                 ; On                 ;
; Ignore Verilog initial constructs                            ; Off                ; Off                ;
; Iteration limit for constant Verilog loops                   ; 5000               ; 5000               ;
; Iteration limit for non-constant Verilog loops               ; 250                ; 250                ;
; Add Pass-Through Logic to Inferred RAMs                      ; On                 ; On                 ;
; Parallel Synthesis                                           ; Off                ; Off                ;
; NOT Gate Push-Back                                           ; On                 ; On                 ;
; Power-Up Don't Care                                          ; On                 ; On                 ;
; Remove Redundant Logic Cells                                 ; Off                ; Off                ;
; Remove Duplicate Registers                                   ; On                 ; On                 ;
; Ignore CARRY Buffers                                         ; Off                ; Off                ;
; Ignore CASCADE Buffers                                       ; Off                ; Off                ;
; Ignore GLOBAL Buffers                                        ; Off                ; Off                ;
; Ignore ROW GLOBAL Buffers                                    ; Off                ; Off                ;
; Ignore LCELL Buffers                                         ; Off                ; Off                ;
; Ignore SOFT Buffers                                          ; On                 ; On                 ;
; Limit AHDL Integers to 32 Bits                               ; Off                ; Off                ;
; Optimization Technique                                       ; Balanced           ; Balanced           ;
; Carry Chain Length                                           ; 70                 ; 70                 ;
; Auto Carry Chains                                            ; On                 ; On                 ;
; Auto Open-Drain Pins                                         ; On                 ; On                 ;
; Perform WYSIWYG Primitive Resynthesis                        ; Off                ; Off                ;
; Auto ROM Replacement                                         ; On                 ; On                 ;
; Auto RAM Replacement                                         ; On                 ; On                 ;
; Auto Shift Register Replacement                              ; Auto               ; Auto               ;
; Auto Clock Enable Replacement                                ; On                 ; On                 ;
; Strict RAM Replacement                                       ; Off                ; Off                ;
; Allow Synchronous Control Signals                            ; On                 ; On                 ;
; Force Use of Synchronous Clear Signals                       ; Off                ; Off                ;
; Auto RAM Block Balancing                                     ; On                 ; On                 ;
; Auto RAM to Logic Cell Conversion                            ; Off                ; Off                ;
; Auto Resource Sharing                                        ; Off                ; Off                ;
; Allow Any RAM Size For Recognition                           ; Off                ; Off                ;
; Allow Any ROM Size For Recognition                           ; Off                ; Off                ;
; Allow Any Shift Register Size For Recognition                ; Off                ; Off                ;
; Use LogicLock Constraints during Resource Balancing          ; On                 ; On                 ;
; Ignore translate_off and synthesis_off directives            ; Off                ; Off                ;
; Show Parameter Settings Tables in Synthesis Report           ; On                 ; On                 ;
; Ignore Maximum Fan-Out Assignments                           ; Off                ; Off                ;
; Synchronization Register Chain Length                        ; 2                  ; 2                  ;
; PowerPlay Power Optimization                                 ; Normal compilation ; Normal compilation ;
; HDL message level                                            ; Level2             ; Level2             ;
; Suppress Register Optimization Related Messages              ; Off                ; Off                ;
; Number of Removed Registers Reported in Synthesis Report     ; 100                ; 100                ;
; Number of Inverted Registers Reported in Synthesis Report    ; 100                ; 100                ;
; Clock MUX Protection                                         ; On                 ; On                 ;
; Block Design Naming                                          ; Auto               ; Auto               ;
; Synthesis Effort                                             ; Auto               ; Auto               ;
; Shift Register Replacement - Allow Asynchronous Clear Signal ; On                 ; On                 ;
; Analysis & Synthesis Message Level                           ; Medium             ; Medium             ;
+--------------------------------------------------------------+--------------------+--------------------+


+----------------------------------------------------------------------------------------------------------------------------------------------------+
; Analysis & Synthesis Source Files Read                                                                                                             ;
+----------------------------------+-----------------+------------------------------+----------------------------------------------------------------+
; File Name with User-Entered Path ; Used in Netlist ; File Type                    ; File Name with Absolute Path                                   ;
+----------------------------------+-----------------+------------------------------+----------------------------------------------------------------+
; final1.v                         ; yes             ; User Verilog HDL File        ; C:/Users/waynewayne22/Desktop/final/final1.v                   ;
; LED_Matrix_Driver.v              ; yes             ; User Verilog HDL File        ; C:/Users/waynewayne22/Desktop/final/LED_Matrix_Driver.v        ;
; seg7disp.v                       ; yes             ; User Verilog HDL File        ; C:/Users/waynewayne22/Desktop/final/seg7disp.v                 ;
; button.v                         ; yes             ; User Verilog HDL File        ; C:/Users/waynewayne22/Desktop/final/button.v                   ;
; counter.v                        ; yes             ; User Verilog HDL File        ; C:/Users/waynewayne22/Desktop/final/counter.v                  ;
; clickcount.v                     ; yes             ; User Verilog HDL File        ; C:/Users/waynewayne22/Desktop/final/clickcount.v               ;
; lpm_divide.tdf                   ; yes             ; Megafunction                 ; d:/quartus/libraries/megafunctions/lpm_divide.tdf              ;
; abs_divider.inc                  ; yes             ; Megafunction                 ; d:/quartus/libraries/megafunctions/abs_divider.inc             ;
; sign_div_unsign.inc              ; yes             ; Megafunction                 ; d:/quartus/libraries/megafunctions/sign_div_unsign.inc         ;
; aglobal90.inc                    ; yes             ; Megafunction                 ; d:/quartus/libraries/megafunctions/aglobal90.inc               ;
; db/lpm_divide_v6m.tdf            ; yes             ; Auto-Generated Megafunction  ; C:/Users/waynewayne22/Desktop/final/db/lpm_divide_v6m.tdf      ;
; db/sign_div_unsign_rlh.tdf       ; yes             ; Auto-Generated Megafunction  ; C:/Users/waynewayne22/Desktop/final/db/sign_div_unsign_rlh.tdf ;
; db/alt_u_div_6re.tdf             ; yes             ; Auto-Generated Megafunction  ; C:/Users/waynewayne22/Desktop/final/db/alt_u_div_6re.tdf       ;
; db/add_sub_3dc.tdf               ; yes             ; Auto-Generated Megafunction  ; C:/Users/waynewayne22/Desktop/final/db/add_sub_3dc.tdf         ;
; db/add_sub_4dc.tdf               ; yes             ; Auto-Generated Megafunction  ; C:/Users/waynewayne22/Desktop/final/db/add_sub_4dc.tdf         ;
; db/add_sub_jec.tdf               ; yes             ; Auto-Generated Megafunction  ; C:/Users/waynewayne22/Desktop/final/db/add_sub_jec.tdf         ;
; db/add_sub_5dc.tdf               ; yes             ; Auto-Generated Megafunction  ; C:/Users/waynewayne22/Desktop/final/db/add_sub_5dc.tdf         ;
; db/add_sub_6dc.tdf               ; yes             ; Auto-Generated Megafunction  ; C:/Users/waynewayne22/Desktop/final/db/add_sub_6dc.tdf         ;
; db/add_sub_7dc.tdf               ; yes             ; Auto-Generated Megafunction  ; C:/Users/waynewayne22/Desktop/final/db/add_sub_7dc.tdf         ;
; db/add_sub_8dc.tdf               ; yes             ; Auto-Generated Megafunction  ; C:/Users/waynewayne22/Desktop/final/db/add_sub_8dc.tdf         ;
; db/add_sub_9dc.tdf               ; yes             ; Auto-Generated Megafunction  ; C:/Users/waynewayne22/Desktop/final/db/add_sub_9dc.tdf         ;
; db/add_sub_adc.tdf               ; yes             ; Auto-Generated Megafunction  ; C:/Users/waynewayne22/Desktop/final/db/add_sub_adc.tdf         ;
; db/add_sub_bdc.tdf               ; yes             ; Auto-Generated Megafunction  ; C:/Users/waynewayne22/Desktop/final/db/add_sub_bdc.tdf         ;
+----------------------------------+-----------------+------------------------------+----------------------------------------------------------------+


+-----------------------------------------------------+
; Analysis & Synthesis Resource Usage Summary         ;
+---------------------------------------------+-------+
; Resource                                    ; Usage ;
+---------------------------------------------+-------+
; Total logic elements                        ; 251   ;
;     -- Combinational with no register       ; 170   ;
;     -- Register only                        ; 24    ;
;     -- Combinational with a register        ; 57    ;
;                                             ;       ;
; Logic element usage by number of LUT inputs ;       ;
;     -- 4 input functions                    ; 80    ;
;     -- 3 input functions                    ; 44    ;
;     -- 2 input functions                    ; 88    ;
;     -- 1 input functions                    ; 14    ;
;     -- 0 input functions                    ; 1     ;
;                                             ;       ;
; Logic elements by mode                      ;       ;
;     -- normal mode                          ; 199   ;
;     -- arithmetic mode                      ; 52    ;
;     -- qfbk mode                            ; 0     ;
;     -- register cascade mode                ; 0     ;
;     -- synchronous clear/load mode          ; 41    ;
;     -- asynchronous clear/load mode         ; 0     ;
;                                             ;       ;
; Total registers                             ; 81    ;
; Total logic cells in carry chains           ; 61    ;
; I/O pins                                    ; 58    ;
; Maximum fan-out node                        ; clk   ;
; Maximum fan-out                             ; 81    ;
; Total fan-out                               ; 879   ;
; Average fan-out                             ; 2.84  ;
+---------------------------------------------+-------+


+--------------------------------------------------------------------------------------------------------------------------------------------------------------------------------------------------------------------------------------------------------------------------------------------------------------------------------------------------------------------+
; Analysis & Synthesis Resource Utilization by Entity                                                                                                                                                                                                                                                                                                                ;
+--------------------------------------------+-------------+--------------+-------------+------+--------------+--------------+-------------------+------------------+-----------------+------------+--------------------------------------------------------------------------------------------------------------------------------------------------+--------------+
; Compilation Hierarchy Node                 ; Logic Cells ; LC Registers ; Memory Bits ; Pins ; Virtual Pins ; LUT-Only LCs ; Register-Only LCs ; LUT/Register LCs ; Carry Chain LCs ; Packed LCs ; Full Hierarchy Name                                                                                                                              ; Library Name ;
+--------------------------------------------+-------------+--------------+-------------+------+--------------+--------------+-------------------+------------------+-----------------+------------+--------------------------------------------------------------------------------------------------------------------------------------------------+--------------+
; |final1                                    ; 251 (66)    ; 81           ; 0           ; 58   ; 0            ; 170 (43)     ; 24 (2)            ; 57 (21)          ; 61 (0)          ; 0 (0)      ; |final1                                                                                                                                          ; work         ;
;    |LED_Matrix_Driver:screenPC|            ; 34 (34)     ; 15           ; 0           ; 0    ; 0            ; 19 (19)      ; 9 (9)             ; 6 (6)            ; 0 (0)           ; 0 (0)      ; |final1|LED_Matrix_Driver:screenPC                                                                                                               ; work         ;
;    |LED_Matrix_Driver:screenPlayer|        ; 19 (19)     ; 17           ; 0           ; 0    ; 0            ; 2 (2)        ; 10 (10)           ; 7 (7)            ; 0 (0)           ; 0 (0)      ; |final1|LED_Matrix_Driver:screenPlayer                                                                                                           ; work         ;
;    |clickcount:comb_4|                     ; 9 (9)       ; 8            ; 0           ; 0    ; 0            ; 1 (1)        ; 0 (0)             ; 8 (8)            ; 8 (8)           ; 0 (0)      ; |final1|clickcount:comb_4                                                                                                                        ; work         ;
;    |counter:countTime|                     ; 123 (33)    ; 18           ; 0           ; 0    ; 0            ; 105 (15)     ; 3 (3)             ; 15 (15)          ; 53 (21)         ; 0 (0)      ; |final1|counter:countTime                                                                                                                        ; work         ;
;       |lpm_divide:Div0|                    ; 76 (0)      ; 0            ; 0           ; 0    ; 0            ; 76 (0)       ; 0 (0)             ; 0 (0)            ; 32 (0)          ; 0 (0)      ; |final1|counter:countTime|lpm_divide:Div0                                                                                                        ; work         ;
;          |lpm_divide_v6m:auto_generated|   ; 76 (0)      ; 0            ; 0           ; 0    ; 0            ; 76 (0)       ; 0 (0)             ; 0 (0)            ; 32 (0)          ; 0 (0)      ; |final1|counter:countTime|lpm_divide:Div0|lpm_divide_v6m:auto_generated                                                                          ; work         ;
;             |sign_div_unsign_rlh:divider|  ; 76 (0)      ; 0            ; 0           ; 0    ; 0            ; 76 (0)       ; 0 (0)             ; 0 (0)            ; 32 (0)          ; 0 (0)      ; |final1|counter:countTime|lpm_divide:Div0|lpm_divide_v6m:auto_generated|sign_div_unsign_rlh:divider                                              ; work         ;
;                |alt_u_div_6re:divider|     ; 76 (44)     ; 0            ; 0           ; 0    ; 0            ; 76 (44)      ; 0 (0)             ; 0 (0)            ; 32 (0)          ; 0 (0)      ; |final1|counter:countTime|lpm_divide:Div0|lpm_divide_v6m:auto_generated|sign_div_unsign_rlh:divider|alt_u_div_6re:divider                        ; work         ;
;                   |add_sub_bdc:add_sub_8|  ; 10 (10)     ; 0            ; 0           ; 0    ; 0            ; 10 (10)      ; 0 (0)             ; 0 (0)            ; 10 (10)         ; 0 (0)      ; |final1|counter:countTime|lpm_divide:Div0|lpm_divide_v6m:auto_generated|sign_div_unsign_rlh:divider|alt_u_div_6re:divider|add_sub_bdc:add_sub_8  ; work         ;
;                   |add_sub_jec:add_sub_10| ; 11 (11)     ; 0            ; 0           ; 0    ; 0            ; 11 (11)      ; 0 (0)             ; 0 (0)            ; 11 (11)         ; 0 (0)      ; |final1|counter:countTime|lpm_divide:Div0|lpm_divide_v6m:auto_generated|sign_div_unsign_rlh:divider|alt_u_div_6re:divider|add_sub_jec:add_sub_10 ; work         ;
;                   |add_sub_jec:add_sub_9|  ; 11 (11)     ; 0            ; 0           ; 0    ; 0            ; 11 (11)      ; 0 (0)             ; 0 (0)            ; 11 (11)         ; 0 (0)      ; |final1|counter:countTime|lpm_divide:Div0|lpm_divide_v6m:auto_generated|sign_div_unsign_rlh:divider|alt_u_div_6re:divider|add_sub_jec:add_sub_9  ; work         ;
;       |seg7disp:S7|                        ; 14 (14)     ; 0            ; 0           ; 0    ; 0            ; 14 (14)      ; 0 (0)             ; 0 (0)            ; 0 (0)           ; 0 (0)      ; |final1|counter:countTime|seg7disp:S7                                                                                                            ; work         ;
+--------------------------------------------+-------------+--------------+-------------+------+--------------+--------------+-------------------+------------------+-----------------+------------+--------------------------------------------------------------------------------------------------------------------------------------------------+--------------+
Note: For table entries with two numbers listed, the numbers in parentheses indicate the number of resources of the given type used by the specific entity alone. The numbers listed outside of parentheses indicate the total resources of the given type used by the specific entity and all of its sub-entities in the hierarchy.


+-----------------------------------------------------------------------------------------------------------------------------+
; Registers Removed During Synthesis                                                                                          ;
+-----------------------------------------------------------------------+-----------------------------------------------------+
; Register name                                                         ; Reason for Removal                                  ;
+-----------------------------------------------------------------------+-----------------------------------------------------+
; amin1~reg0                                                            ; Stuck at VCC due to stuck port data_in              ;
; amin2~reg0                                                            ; Stuck at VCC due to stuck port data_in              ;
; orblood[0]                                                            ; Stuck at VCC due to stuck port data_in              ;
; orblood[1..9]                                                         ; Stuck at GND due to stuck port data_in              ;
; playerIn[26,30,34,38,42,44,46,50..54,58..62]                          ; Stuck at VCC due to stuck port data_in              ;
; bossHp[0..9]                                                          ; Lost fanout                                         ;
; ATK[4,6..8]                                                           ; Merged with ATK[9]                                  ;
; ATK[2]                                                                ; Merged with ATK[0]                                  ;
; Playercheck~reg0                                                      ; Merged with bosscheck~reg0                          ;
; pcIn[8,16,24,32,40,48,56]                                             ; Merged with pcIn[0]                                 ;
; pcIn[9,17,25,33,41,49,55,57,63]                                       ; Merged with pcIn[1]                                 ;
; pcIn[3..7,10..15,18..23,27,29..31,35,38..39,43,47]                    ; Merged with pcIn[2]                                 ;
; playerIn[8]                                                           ; Merged with playerIn[0]                             ;
; playerIn[7,9,15,17,23,25,28..29,31,33,36..37,39,41,45,47,49,55,57,63] ; Merged with playerIn[1]                             ;
; playerIn[10,18]                                                       ; Merged with playerIn[2]                             ;
; playerIn[11,19]                                                       ; Merged with playerIn[3]                             ;
; playerIn[12,20]                                                       ; Merged with playerIn[4]                             ;
; playerIn[13,21]                                                       ; Merged with playerIn[5]                             ;
; playerIn[14,22]                                                       ; Merged with playerIn[6]                             ;
; playerIn[24,32,40,48,56]                                              ; Merged with playerIn[16]                            ;
; playerIn[35,43]                                                       ; Merged with playerIn[27]                            ;
; LED_Matrix_Driver:screenPC|state[0]                                   ; Merged with LED_Matrix_Driver:screenPlayer|state[0] ;
; ATK[9]                                                                ; Stuck at GND due to stuck port data_in              ;
; bosscheck~reg0                                                        ; Stuck at GND due to stuck port data_in              ;
; playerIn[1]                                                           ; Stuck at GND due to stuck port data_in              ;
; g1~reg0                                                               ; Stuck at GND due to stuck port data_in              ;
; LED_Matrix_Driver:screenPC|state[2]                                   ; Merged with LED_Matrix_Driver:screenPlayer|state[2] ;
; LED_Matrix_Driver:screenPC|state[1]                                   ; Merged with LED_Matrix_Driver:screenPlayer|state[1] ;
; LED_Matrix_Driver:screenPlayer|dataout[9,15]                          ; Stuck at GND due to stuck port data_in              ;
; draw                                                                  ; Stuck at GND due to stuck port data_in              ;
; x[0]                                                                  ; Stuck at VCC due to stuck port data_in              ;
; x[1..3]                                                               ; Stuck at GND due to stuck port data_in              ;
; pcIn[1]                                                               ; Stuck at GND due to stuck port data_in              ;
; r1~reg0                                                               ; Stuck at GND due to stuck port data_in              ;
; y1[1]~reg0                                                            ; Stuck at GND due to stuck port data_in              ;
; y1[2]~reg0                                                            ; Stuck at GND due to stuck port data_in              ;
; y1[3]~reg0                                                            ; Stuck at GND due to stuck port data_in              ;
; y1[4]~reg0                                                            ; Stuck at GND due to stuck port data_in              ;
; LED_Matrix_Driver:screenPC|dataout[9]                                 ; Stuck at GND due to stuck port data_in              ;
; pcIn[42,50,58]                                                        ; Merged with pcIn[34]                                ;
; pcIn[44,52,60]                                                        ; Merged with pcIn[36]                                ;
; pcIn[51,53,59,61]                                                     ; Merged with pcIn[45]                                ;
; pcIn[54,62]                                                           ; Merged with pcIn[46]                                ;
; PcHp[0..1]                                                            ; Stuck at GND due to stuck port data_in              ;
; PcHp[2..7]                                                            ; Lost fanout                                         ;
; pcIn[34]                                                              ; Merged with pcIn[26]                                ;
; pcIn[36]                                                              ; Merged with pcIn[28]                                ;
; pcIn[45]                                                              ; Merged with pcIn[37]                                ;
; pcIn[2]                                                               ; Stuck at VCC due to stuck port data_in              ;
; playerIn[27]                                                          ; Stuck at GND due to stuck port data_in              ;
; counter:countTime|out7[4..7]                                          ; Stuck at GND due to stuck port data_in              ;
; Total Number of Removed Registers = 175                               ;                                                     ;
+-----------------------------------------------------------------------+-----------------------------------------------------+


+--------------------------------------------------------------------------------------------------------------+
; Removed Registers Triggering Further Register Optimizations                                                  ;
+---------------+---------------------------+------------------------------------------------------------------+
; Register name ; Reason for Removal        ; Registers Removed due to This Register                           ;
+---------------+---------------------------+------------------------------------------------------------------+
; orblood[0]    ; Stuck at VCC              ; bossHp[5], bossHp[4], bossHp[6], bossHp[7], bossHp[8], bossHp[9] ;
;               ; due to stuck port data_in ;                                                                  ;
; PcHp[0]       ; Stuck at GND              ; PcHp[7], PcHp[6], PcHp[5], PcHp[4], PcHp[3], PcHp[2]             ;
;               ; due to stuck port data_in ;                                                                  ;
; amin1~reg0    ; Stuck at VCC              ; pcIn[1], LED_Matrix_Driver:screenPC|dataout[9], pcIn[2]          ;
;               ; due to stuck port data_in ;                                                                  ;
; playerIn[1]   ; Stuck at GND              ; LED_Matrix_Driver:screenPlayer|dataout[15],                      ;
;               ; due to stuck port data_in ; LED_Matrix_Driver:screenPlayer|dataout[9]                        ;
+---------------+---------------------------+------------------------------------------------------------------+


+------------------------------------------------------+
; General Register Statistics                          ;
+----------------------------------------------+-------+
; Statistic                                    ; Value ;
+----------------------------------------------+-------+
; Total registers                              ; 81    ;
; Number of registers using Synchronous Clear  ; 28    ;
; Number of registers using Synchronous Load   ; 14    ;
; Number of registers using Asynchronous Clear ; 0     ;
; Number of registers using Asynchronous Load  ; 0     ;
; Number of registers using Clock Enable       ; 38    ;
; Number of registers using Preset             ; 0     ;
+----------------------------------------------+-------+


+------------------------------------------------------------------------------------------------------------------------------------------------------------------+
; Multiplexer Restructuring Statistics (Restructuring Performed)                                                                                                   ;
+--------------------+-----------+---------------+----------------------+------------------------+------------+----------------------------------------------------+
; Multiplexer Inputs ; Bus Width ; Baseline Area ; Area if Restructured ; Saving if Restructured ; Registered ; Example Multiplexer Output                         ;
+--------------------+-----------+---------------+----------------------+------------------------+------------+----------------------------------------------------+
; 3:1                ; 8 bits    ; 16 LEs        ; 8 LEs                ; 8 LEs                  ; Yes        ; |final1|clickcount:comb_4|out[0]                   ;
; 4:1                ; 12 bits   ; 24 LEs        ; 24 LEs               ; 0 LEs                  ; Yes        ; |final1|counter:countTime|countt[4]                ;
; 5:1                ; 4 bits    ; 12 LEs        ; 4 LEs                ; 8 LEs                  ; Yes        ; |final1|pcIn[28]                                   ;
; 4:1                ; 2 bits    ; 4 LEs         ; 4 LEs                ; 0 LEs                  ; Yes        ; |final1|LED_Matrix_Driver:screenPC|dataout[12]     ;
; 9:1                ; 4 bits    ; 24 LEs        ; 16 LEs               ; 8 LEs                  ; Yes        ; |final1|LED_Matrix_Driver:screenPlayer|dataout[12] ;
; 6:1                ; 2 bits    ; 8 LEs         ; 2 LEs                ; 6 LEs                  ; Yes        ; |final1|pcIn[2]                                    ;
+--------------------+-----------+---------------+----------------------+------------------------+------------+----------------------------------------------------+


+-----------------------------------------------------------------------------------------------------+
; Parameter Settings for User Entity Instance: Top-level Entity: |final1                              ;
+----------------+------------------------------------------------------------------+-----------------+
; Parameter Name ; Value                                                            ; Type            ;
+----------------+------------------------------------------------------------------+-----------------+
; fullblood      ; 0111110101111101010101010100010101000101000000010000000100000001 ; Unsigned Binary ;
; bloodboss8     ; 0000000100000001100010011100100111101001111111011111110111111101 ; Unsigned Binary ;
; bloodboss6     ; 0000000000000000100010011100100111101001111111011111110111111101 ; Unsigned Binary ;
; bloodboss4     ; 0000000000000000100010001100100011101001111111011111110111111101 ; Unsigned Binary ;
; bloodboss2     ; 0000000000000000100010001100100011101000111111001111110111111101 ; Unsigned Binary ;
; bloodboss0     ; 0111110101111101010101010100010101000101000000010000000000000000 ; Unsigned Binary ;
; blood34        ; 0111110101111101010101010100010101000101000000010000000000000000 ; Unsigned Binary ;
; bloodboss34    ; 0000000000000000100010011100100111101001111111011111110111111101 ; Unsigned Binary ;
; blood12        ; 0111110101111101010101010100010101000100000000000000000000000000 ; Unsigned Binary ;
; bloodboss12    ; 0000000000000000100010001100100011101001111111011111110111111101 ; Unsigned Binary ;
; blood14        ; 0111110101111101010101000100010001000100000000000000000000000000 ; Unsigned Binary ;
; bloodboss14    ; 0000000000000000100010001100100011101000111111001111110111111101 ; Unsigned Binary ;
; blood0         ; 0111110001111100010101000100010001000100000000000000000000000000 ; Unsigned Binary ;
; attack1A       ; 0111110001111100010101000100010001000100000100000001000000010000 ; Unsigned Binary ;
; attack1B       ; 0001000000010000100110001101100011111000111111001111110011111100 ; Unsigned Binary ;
; attack2A       ; 0111110001111100010101000100010001000100000110000001100000011000 ; Unsigned Binary ;
; attack2B       ; 0000000000000000100010001100100011101000111111001111110011111100 ; Unsigned Binary ;
; attack3A       ; 0111110001111100010101000100010001000100001110000011100000111000 ; Unsigned Binary ;
; attack3B       ; 0011100000111000101110001111100011111000111111001111110011111100 ; Unsigned Binary ;
; attack4A       ; 0111110001111100010101000100010001000100001111000011110000111100 ; Unsigned Binary ;
; attack4B       ; 0011110000111100101111001111110011111100111111001111110011111100 ; Unsigned Binary ;
; attack5A       ; 0111110001111100010101000100010001000100011111000111110001111100 ; Unsigned Binary ;
; attack5B       ; 0111110001111100111111001111110011111100111111001111110011111100 ; Unsigned Binary ;
; attackbossA    ; 0111110001111100010111000100110001001100000010000000100000001000 ; Unsigned Binary ;
; attackbossB    ; 0000100000000000100010001100100011101000111111001111110011111100 ; Unsigned Binary ;
+----------------+------------------------------------------------------------------+-----------------+
Note: In order to hide this table in the UI and the text report file, please set the "Show Parameter Settings Tables in Synthesis Report" option in "Analysis and Synthesis Settings -> More Settings" to "Off".


+------------------------------------------------------------------------------------+
; Parameter Settings for Inferred Entity Instance: counter:countTime|lpm_divide:Div0 ;
+------------------------+----------------+------------------------------------------+
; Parameter Name         ; Value          ; Type                                     ;
+------------------------+----------------+------------------------------------------+
; LPM_WIDTHN             ; 12             ; Untyped                                  ;
; LPM_WIDTHD             ; 9              ; Untyped                                  ;
; LPM_NREPRESENTATION    ; UNSIGNED       ; Untyped                                  ;
; LPM_DREPRESENTATION    ; UNSIGNED       ; Untyped                                  ;
; LPM_PIPELINE           ; 0              ; Untyped                                  ;
; LPM_REMAINDERPOSITIVE  ; TRUE           ; Untyped                                  ;
; MAXIMIZE_SPEED         ; 5              ; Untyped                                  ;
; CBXI_PARAMETER         ; lpm_divide_v6m ; Untyped                                  ;
; CARRY_CHAIN            ; MANUAL         ; Untyped                                  ;
; OPTIMIZE_FOR_SPEED     ; 5              ; Untyped                                  ;
; AUTO_CARRY_CHAINS      ; ON             ; AUTO_CARRY                               ;
; IGNORE_CARRY_BUFFERS   ; OFF            ; IGNORE_CARRY                             ;
; AUTO_CASCADE_CHAINS    ; ON             ; AUTO_CASCADE                             ;
; IGNORE_CASCADE_BUFFERS ; OFF            ; IGNORE_CASCADE                           ;
+------------------------+----------------+------------------------------------------+
Note: In order to hide this table in the UI and the text report file, please set the "Show Parameter Settings Tables in Synthesis Report" option in "Analysis and Synthesis Settings -> More Settings" to "Off".


+------------------------------------------------------------------------------------------------------------------------------------------------------------------------+
; Port Connectivity Checks: "counter:countTime"                                                                                                                          ;
+------+-------+----------+----------------------------------------------------------------------------------------------------------------------------------------------+
; Port ; Type  ; Severity ; Details                                                                                                                                      ;
+------+-------+----------+----------------------------------------------------------------------------------------------------------------------------------------------+
; goal ; Input ; Warning  ; Input port expression (1 bits) is smaller than the input port (3 bits) it drives.  Extra input bit(s) "goal[2..1]" will be connected to GND. ;
+------+-------+----------+----------------------------------------------------------------------------------------------------------------------------------------------+


+----------------------------------------------------------------------------------------------------------------+
; Port Connectivity Checks: "button:resetb"                                                                      ;
+------+--------+----------+-------------------------------------------------------------------------------------+
; Port ; Type   ; Severity ; Details                                                                             ;
+------+--------+----------+-------------------------------------------------------------------------------------+
; wout ; Output ; Info     ; Connected to dangling logic. Logic that only feeds a dangling port will be removed. ;
+------+--------+----------+-------------------------------------------------------------------------------------+


+----------------------------------------------------------------------------------------------------------------+
; Port Connectivity Checks: "button:fire2b"                                                                      ;
+------+--------+----------+-------------------------------------------------------------------------------------+
; Port ; Type   ; Severity ; Details                                                                             ;
+------+--------+----------+-------------------------------------------------------------------------------------+
; wout ; Output ; Info     ; Connected to dangling logic. Logic that only feeds a dangling port will be removed. ;
+------+--------+----------+-------------------------------------------------------------------------------------+


+----------------------------------------------------------------------------------------------------------------+
; Port Connectivity Checks: "button:fire1b"                                                                      ;
+------+--------+----------+-------------------------------------------------------------------------------------+
; Port ; Type   ; Severity ; Details                                                                             ;
+------+--------+----------+-------------------------------------------------------------------------------------+
; wout ; Output ; Info     ; Connected to dangling logic. Logic that only feeds a dangling port will be removed. ;
+------+--------+----------+-------------------------------------------------------------------------------------+


+-------------------------------+
; Analysis & Synthesis Messages ;
+-------------------------------+
Info: *******************************************************************
Info: Running Quartus II Analysis & Synthesis
    Info: Version 9.0 Build 235 06/17/2009 Service Pack 2 SJ Web Edition
    Info: Processing started: Sun Dec 13 22:51:42 2015
Info: Command: quartus_map --read_settings_files=on --write_settings_files=off final1 -c final1
Info: Found 1 design units, including 1 entities, in source file final1.v
    Info: Found entity 1: final1
Info: Found 1 design units, including 1 entities, in source file LED_Matrix_Driver.v
    Info: Found entity 1: LED_Matrix_Driver
Info: Found 1 design units, including 1 entities, in source file seg7disp.v
    Info: Found entity 1: seg7disp
Info: Found 1 design units, including 1 entities, in source file button.v
    Info: Found entity 1: button
Info: Found 1 design units, including 1 entities, in source file counter.v
    Info: Found entity 1: counter
Info: Found 1 design units, including 1 entities, in source file clickcount.v
    Info: Found entity 1: clickcount
Critical Warning (10846): Verilog HDL Instantiation warning at final1.v(63): instance has no name
Info: Elaborating entity "final1" for the top level hierarchy
Warning (10036): Verilog HDL or VHDL warning at final1.v(12): object "bossATK" assigned a value but never read
Warning (10230): Verilog HDL assignment warning at final1.v(82): truncated value with size 32 to match size of target (10)
Warning (10230): Verilog HDL assignment warning at final1.v(94): truncated value with size 32 to match size of target (10)
Warning (10230): Verilog HDL assignment warning at final1.v(108): truncated value with size 32 to match size of target (10)
Warning (10230): Verilog HDL assignment warning at final1.v(122): truncated value with size 32 to match size of target (10)
Warning (10230): Verilog HDL assignment warning at final1.v(136): truncated value with size 32 to match size of target (10)
Warning (10230): Verilog HDL assignment warning at final1.v(192): truncated value with size 32 to match size of target (8)
Warning (10230): Verilog HDL assignment warning at final1.v(236): truncated value with size 32 to match size of target (4)
Warning (10230): Verilog HDL assignment warning at final1.v(257): truncated value with size 32 to match size of target (8)
Warning (10230): Verilog HDL assignment warning at final1.v(269): truncated value with size 32 to match size of target (8)
Info: Elaborating entity "button" for hierarchy "button:fire1b"
Info: Elaborating entity "LED_Matrix_Driver" for hierarchy "LED_Matrix_Driver:screenPC"
Info: Elaborating entity "counter" for hierarchy "counter:countTime"
Warning (10230): Verilog HDL assignment warning at counter.v(32): truncated value with size 32 to match size of target (12)
Warning (10230): Verilog HDL assignment warning at counter.v(33): truncated value with size 32 to match size of target (8)
Info: Elaborating entity "seg7disp" for hierarchy "counter:countTime|seg7disp:S7"
Info: Elaborating entity "clickcount" for hierarchy "clickcount:comb_4"
Warning (10230): Verilog HDL assignment warning at clickcount.v(12): truncated value with size 32 to match size of target (8)
Info: Inferred 1 megafunctions from design logic
    Info: Inferred divider/modulo megafunction ("lpm_divide") from the following logic: "counter:countTime|Div0"
Info: Elaborated megafunction instantiation "counter:countTime|lpm_divide:Div0"
Info: Instantiated megafunction "counter:countTime|lpm_divide:Div0" with the following parameter:
    Info: Parameter "LPM_WIDTHN" = "12"
    Info: Parameter "LPM_WIDTHD" = "9"
    Info: Parameter "LPM_NREPRESENTATION" = "UNSIGNED"
    Info: Parameter "LPM_DREPRESENTATION" = "UNSIGNED"
Info: Found 1 design units, including 1 entities, in source file db/lpm_divide_v6m.tdf
    Info: Found entity 1: lpm_divide_v6m
Info: Found 1 design units, including 1 entities, in source file db/sign_div_unsign_rlh.tdf
    Info: Found entity 1: sign_div_unsign_rlh
Info: Found 1 design units, including 1 entities, in source file db/alt_u_div_6re.tdf
    Info: Found entity 1: alt_u_div_6re
Info: Found 1 design units, including 1 entities, in source file db/add_sub_3dc.tdf
    Info: Found entity 1: add_sub_3dc
Info: Found 1 design units, including 1 entities, in source file db/add_sub_4dc.tdf
    Info: Found entity 1: add_sub_4dc
Info: Found 1 design units, including 1 entities, in source file db/add_sub_jec.tdf
    Info: Found entity 1: add_sub_jec
Info: Found 1 design units, including 1 entities, in source file db/add_sub_5dc.tdf
    Info: Found entity 1: add_sub_5dc
Info: Found 1 design units, including 1 entities, in source file db/add_sub_6dc.tdf
    Info: Found entity 1: add_sub_6dc
Info: Found 1 design units, including 1 entities, in source file db/add_sub_7dc.tdf
    Info: Found entity 1: add_sub_7dc
Info: Found 1 design units, including 1 entities, in source file db/add_sub_8dc.tdf
    Info: Found entity 1: add_sub_8dc
Info: Found 1 design units, including 1 entities, in source file db/add_sub_9dc.tdf
    Info: Found entity 1: add_sub_9dc
Info: Found 1 design units, including 1 entities, in source file db/add_sub_adc.tdf
    Info: Found entity 1: add_sub_adc
Info: Found 1 design units, including 1 entities, in source file db/add_sub_bdc.tdf
    Info: Found entity 1: add_sub_bdc
Warning: 1 hierarchies have connectivity warnings - see the Connectivity Checks report folder
Warning: Output pins are stuck at VCC or GND
    Warning (13410): Pin "r1" is stuck at GND
    Warning (13410): Pin "g1" is stuck at GND
    Warning (13410): Pin "Cout77[7]" is stuck at VCC
    Warning (13410): Pin "reda88[9]" is stuck at GND
    Warning (13410): Pin "redb88[9]" is stuck at GND
    Warning (13410): Pin "redb88[15]" is stuck at GND
    Warning (13410): Pin "y1[1]" is stuck at GND
    Warning (13410): Pin "y1[2]" is stuck at GND
    Warning (13410): Pin "y1[3]" is stuck at GND
    Warning (13410): Pin "y1[4]" is stuck at GND
    Warning (13410): Pin "amin1" is stuck at VCC
    Warning (13410): Pin "bosscheck" is stuck at GND
    Warning (13410): Pin "amin2" is stuck at VCC
    Warning (13410): Pin "Playercheck" is stuck at GND
Info: 16 registers lost all their fanouts during netlist optimizations. The first 16 are displayed below.
    Info: Register "bossHp[5]" lost all its fanouts during netlist optimizations.
    Info: Register "bossHp[4]" lost all its fanouts during netlist optimizations.
    Info: Register "bossHp[3]" lost all its fanouts during netlist optimizations.
    Info: Register "bossHp[2]" lost all its fanouts during netlist optimizations.
    Info: Register "bossHp[1]" lost all its fanouts during netlist optimizations.
    Info: Register "bossHp[0]" lost all its fanouts during netlist optimizations.
    Info: Register "bossHp[6]" lost all its fanouts during netlist optimizations.
    Info: Register "bossHp[7]" lost all its fanouts during netlist optimizations.
    Info: Register "bossHp[8]" lost all its fanouts during netlist optimizations.
    Info: Register "bossHp[9]" lost all its fanouts during netlist optimizations.
    Info: Register "PcHp[7]" lost all its fanouts during netlist optimizations.
    Info: Register "PcHp[6]" lost all its fanouts during netlist optimizations.
    Info: Register "PcHp[5]" lost all its fanouts during netlist optimizations.
    Info: Register "PcHp[4]" lost all its fanouts during netlist optimizations.
    Info: Register "PcHp[3]" lost all its fanouts during netlist optimizations.
    Info: Register "PcHp[2]" lost all its fanouts during netlist optimizations.
Info: Implemented 309 device resources after synthesis - the final resource count might be different
    Info: Implemented 5 input pins
    Info: Implemented 53 output pins
    Info: Implemented 251 logic cells
Info: Quartus II Analysis & Synthesis was successful. 0 errors, 30 warnings
    Info: Peak virtual memory: 251 megabytes
    Info: Processing ended: Sun Dec 13 22:52:11 2015
    Info: Elapsed time: 00:00:29
    Info: Total CPU time (on all processors): 00:00:29


